app/build/intermediates/manifest_merge_blame_file/debug/manifest-merger-blame-debug-report.txt
1<?xml version="1.0" encoding="utf-8"?>
2<manifest xmlns:android="http://schemas.android.com/apk/res/android"
3    package="com.cafetone.app"
4    android:versionCode="1"
5    android:versionName="1.0" >
6
7    <uses-sdk
8        android:minSdkVersion="26"
9        android:targetSdkVersion="34" />
10
11    <uses-permission android:name="android.permission.FOREGROUND_SERVICE" />
11-->src/main/AndroidManifest.xml:5:5-77
11-->src/main/AndroidManifest.xml:5:22-74
12    <uses-permission android:name="android.permission.FOREGROUND_SERVICE_MEDIA_PLAYBACK" />
12-->src/main/AndroidManifest.xml:6:5-92
12-->src/main/AndroidManifest.xml:6:22-89
13    <uses-permission android:name="android.permission.MODIFY_AUDIO_SETTINGS" />
13-->src/main/AndroidManifest.xml:7:5-80
13-->src/main/AndroidManifest.xml:7:22-77
14    <uses-permission android:name="android.permission.POST_NOTIFICATIONS" />
14-->src/main/AndroidManifest.xml:8:5-77
14-->src/main/AndroidManifest.xml:8:22-74
15    <uses-permission android:name="android.permission.VIBRATE" />
15-->src/main/AndroidManifest.xml:9:5-66
15-->src/main/AndroidManifest.xml:9:22-63
16
17    <queries>
17-->src/main/AndroidManifest.xml:11:5-15:15
18        <intent>
18-->src/main/AndroidManifest.xml:12:9-14:18
19            <action android:name="android.media.action.OPEN_AUDIO_EFFECT_CONTROL_SESSION" />
19-->src/main/AndroidManifest.xml:13:13-93
19-->src/main/AndroidManifest.xml:13:21-90
20        </intent>
21    </queries>
22
23    <permission
23-->[androidx.core:core:1.12.0] AndroidManifest.xml:22:5-24:47
24        android:name="com.cafetone.app.DYNAMIC_RECEIVER_NOT_EXPORTED_PERMISSION"
24-->[androidx.core:core:1.12.0] AndroidManifest.xml:23:9-81
25        android:protectionLevel="signature" />
25-->[androidx.core:core:1.12.0] AndroidManifest.xml:24:9-44
26
27    <uses-permission android:name="com.cafetone.app.DYNAMIC_RECEIVER_NOT_EXPORTED_PERMISSION" />
27-->[androidx.core:core:1.12.0] AndroidManifest.xml:26:5-97
27-->[androidx.core:core:1.12.0] AndroidManifest.xml:26:22-94
28
29    <application
29-->src/main/AndroidManifest.xml:17:5-55:19
30        android:allowBackup="true"
30-->src/main/AndroidManifest.xml:18:9-35
31        android:appComponentFactory="androidx.core.app.CoreComponentFactory"
31-->[androidx.core:core:1.12.0] AndroidManifest.xml:28:18-86
32        android:dataExtractionRules="@xml/data_extraction_rules"
32-->src/main/AndroidManifest.xml:19:9-65
33        android:debuggable="true"
34        android:extractNativeLibs="false"
35        android:fullBackupContent="@xml/backup_rules"
35-->src/main/AndroidManifest.xml:20:9-54
36        android:icon="@mipmap/ic_launcher"
36-->src/main/AndroidManifest.xml:21:9-43
37        android:label="@string/app_name"
37-->src/main/AndroidManifest.xml:22:9-41
38        android:roundIcon="@mipmap/ic_launcher_round"
38-->src/main/AndroidManifest.xml:23:9-54
39        android:supportsRtl="true"
39-->src/main/AndroidManifest.xml:24:9-35
40        android:theme="@style/Theme.CafeTone" >
40-->src/main/AndroidManifest.xml:25:9-46
41        <activity
41-->src/main/AndroidManifest.xml:28:9-37:20
42            android:name="com.cafetone.app.MainActivity"
42-->src/main/AndroidManifest.xml:29:13-41
43            android:exported="true"
43-->src/main/AndroidManifest.xml:30:13-36
44            android:screenOrientation="portrait"
44-->src/main/AndroidManifest.xml:31:13-49
45            android:theme="@style/Theme.CafeTone" >
45-->src/main/AndroidManifest.xml:32:13-50
46            <intent-filter>
46-->src/main/AndroidManifest.xml:33:13-36:29
47                <action android:name="android.intent.action.MAIN" />
47-->src/main/AndroidManifest.xml:34:17-69
47-->src/main/AndroidManifest.xml:34:25-66
48
49                <category android:name="android.intent.category.LAUNCHER" />
49-->src/main/AndroidManifest.xml:35:17-77
49-->src/main/AndroidManifest.xml:35:27-74
50            </intent-filter>
51        </activity>
52
53        <service
53-->src/main/AndroidManifest.xml:39:9-43:61
54            android:name="com.cafetone.app.service.AudioEngineService"
54-->src/main/AndroidManifest.xml:40:13-55
55            android:enabled="true"
55-->src/main/AndroidManifest.xml:41:13-35
56            android:exported="false"
56-->src/main/AndroidManifest.xml:42:13-37
57            android:foregroundServiceType="mediaPlayback" />
57-->src/main/AndroidManifest.xml:43:13-58
58
59        <receiver
59-->src/main/AndroidManifest.xml:45:9-53:20
60            android:name="com.cafetone.app.receiver.AudioSessionReceiver"
60-->src/main/AndroidManifest.xml:46:13-58
61            android:exported="true"
61-->src/main/AndroidManifest.xml:47:13-36
62            android:priority="1000" >
62-->src/main/AndroidManifest.xml:48:13-36
63            <intent-filter>
63-->src/main/AndroidManifest.xml:49:13-52:29
64                <action android:name="android.media.action.OPEN_AUDIO_EFFECT_CONTROL_SESSION" />
64-->src/main/AndroidManifest.xml:13:13-93
64-->src/main/AndroidManifest.xml:13:21-90
65                <action android:name="android.media.action.CLOSE_AUDIO_EFFECT_CONTROL_SESSION" />
65-->src/main/AndroidManifest.xml:51:17-98
65-->src/main/AndroidManifest.xml:51:25-95
66            </intent-filter>
67        </receiver>
68
69        <activity
69-->[androidx.compose.ui:ui-tooling-android:1.5.0] AndroidManifest.xml:23:9-25:39
70            android:name="androidx.compose.ui.tooling.PreviewActivity"
70-->[androidx.compose.ui:ui-tooling-android:1.5.0] AndroidManifest.xml:24:13-71
71            android:exported="true" />
71-->[androidx.compose.ui:ui-tooling-android:1.5.0] AndroidManifest.xml:25:13-36
72        <activity
72-->[androidx.compose.ui:ui-test-manifest:1.5.0] AndroidManifest.xml:23:9-25:39
73            android:name="androidx.activity.ComponentActivity"
73-->[androidx.compose.ui:ui-test-manifest:1.5.0] AndroidManifest.xml:24:13-63
74            android:exported="true" />
74-->[androidx.compose.ui:ui-test-manifest:1.5.0] AndroidManifest.xml:25:13-36
75
76        <provider
76-->[androidx.emoji2:emoji2:1.4.0] AndroidManifest.xml:24:9-32:20
77            android:name="androidx.startup.InitializationProvider"
77-->[androidx.emoji2:emoji2:1.4.0] AndroidManifest.xml:25:13-67
78            android:authorities="com.cafetone.app.androidx-startup"
78-->[androidx.emoji2:emoji2:1.4.0] AndroidManifest.xml:26:13-68
79            android:exported="false" >
79-->[androidx.emoji2:emoji2:1.4.0] AndroidManifest.xml:27:13-37
80            <meta-data
80-->[androidx.emoji2:emoji2:1.4.0] AndroidManifest.xml:29:13-31:52
81                android:name="androidx.emoji2.text.EmojiCompatInitializer"
81-->[androidx.emoji2:emoji2:1.4.0] AndroidManifest.xml:30:17-75
82                android:value="androidx.startup" />
82-->[androidx.emoji2:emoji2:1.4.0] AndroidManifest.xml:31:17-49
83            <meta-data
83-->[androidx.lifecycle:lifecycle-process:2.6.2] AndroidManifest.xml:29:13-31:52
84                android:name="androidx.lifecycle.ProcessLifecycleInitializer"
84-->[androidx.lifecycle:lifecycle-process:2.6.2] AndroidManifest.xml:30:17-78
85                android:value="androidx.startup" />
85-->[androidx.lifecycle:lifecycle-process:2.6.2] AndroidManifest.xml:31:17-49
86            <meta-data
86-->[androidx.profileinstaller:profileinstaller:1.3.0] AndroidManifest.xml:29:13-31:52
87                android:name="androidx.profileinstaller.ProfileInstallerInitializer"
87-->[androidx.profileinstaller:profileinstaller:1.3.0] AndroidManifest.xml:30:17-85
88                android:value="androidx.startup" />
88-->[androidx.profileinstaller:profileinstaller:1.3.0] AndroidManifest.xml:31:17-49
89        </provider>
90
91        <receiver
91-->[androidx.profileinstaller:profileinstaller:1.3.0] AndroidManifest.xml:34:9-52:20
92            android:name="androidx.profileinstaller.ProfileInstallReceiver"
92-->[androidx.profileinstaller:profileinstaller:1.3.0] AndroidManifest.xml:35:13-76
93            android:directBootAware="false"
93-->[androidx.profileinstaller:profileinstaller:1.3.0] AndroidManifest.xml:36:13-44
94            android:enabled="true"
94-->[androidx.profileinstaller:profileinstaller:1.3.0] AndroidManifest.xml:37:13-35
95            android:exported="true"
95-->[androidx.profileinstaller:profileinstaller:1.3.0] AndroidManifest.xml:38:13-36
96            android:permission="android.permission.DUMP" >
96-->[androidx.profileinstaller:profileinstaller:1.3.0] AndroidManifest.xml:39:13-57
97            <intent-filter>
97-->[androidx.profileinstaller:profileinstaller:1.3.0] AndroidManifest.xml:40:13-42:29
98                <action android:name="androidx.profileinstaller.action.INSTALL_PROFILE" />
98-->[androidx.profileinstaller:profileinstaller:1.3.0] AndroidManifest.xml:41:17-91
98-->[androidx.profileinstaller:profileinstaller:1.3.0] AndroidManifest.xml:41:25-88
99            </intent-filter>
100            <intent-filter>
100-->[androidx.profileinstaller:profileinstaller:1.3.0] AndroidManifest.xml:43:13-45:29
101                <action android:name="androidx.profileinstaller.action.SKIP_FILE" />
101-->[androidx.profileinstaller:profileinstaller:1.3.0] AndroidManifest.xml:44:17-85
101-->[androidx.profileinstaller:profileinstaller:1.3.0] AndroidManifest.xml:44:25-82
102            </intent-filter>
103            <intent-filter>
103-->[androidx.profileinstaller:profileinstaller:1.3.0] AndroidManifest.xml:46:13-48:29
104                <action android:name="androidx.profileinstaller.action.SAVE_PROFILE" />
104-->[androidx.profileinstaller:profileinstaller:1.3.0] AndroidManifest.xml:47:17-88
104-->[androidx.profileinstaller:profileinstaller:1.3.0] AndroidManifest.xml:47:25-85
105            </intent-filter>
106            <intent-filter>
106-->[androidx.profileinstaller:profileinstaller:1.3.0] AndroidManifest.xml:49:13-51:29
107                <action android:name="androidx.profileinstaller.action.BENCHMARK_OPERATION" />
107-->[androidx.profileinstaller:profileinstaller:1.3.0] AndroidManifest.xml:50:17-95
107-->[androidx.profileinstaller:profileinstaller:1.3.0] AndroidManifest.xml:50:25-92
108            </intent-filter>
109        </receiver>
110    </application>
111
112</manifest>